TN:
SF:/Users/czw/Documents/workspace/task-processing/packages/graph-core/src/Graph.ts
FN:11,(anonymous_0)
FN:22,(anonymous_1)
FN:27,(anonymous_2)
FN:45,(anonymous_3)
FN:55,(anonymous_4)
FN:56,(anonymous_5)
FN:63,(anonymous_6)
FN:64,(anonymous_7)
FN:71,(anonymous_8)
FN:77,(anonymous_9)
FN:90,(anonymous_10)
FN:94,(anonymous_11)
FN:102,(anonymous_12)
FN:107,(anonymous_13)
FN:117,(anonymous_14)
FNF:15
FNH:13
FNDA:1,(anonymous_0)
FNDA:2,(anonymous_1)
FNDA:8,(anonymous_2)
FNDA:2,(anonymous_3)
FNDA:2,(anonymous_4)
FNDA:6,(anonymous_5)
FNDA:14,(anonymous_6)
FNDA:39,(anonymous_7)
FNDA:0,(anonymous_8)
FNDA:0,(anonymous_9)
FNDA:18,(anonymous_10)
FNDA:48,(anonymous_11)
FNDA:2,(anonymous_12)
FNDA:6,(anonymous_13)
FNDA:2,(anonymous_14)
DA:4,1
DA:12,1
DA:13,1
DA:14,1
DA:15,1
DA:23,2
DA:25,2
DA:26,2
DA:27,10
DA:28,8
DA:30,10
DA:31,2
DA:33,10
DA:34,4
DA:37,2
DA:46,2
DA:47,2
DA:48,2
DA:56,6
DA:64,39
DA:76,0
DA:77,0
DA:78,0
DA:79,0
DA:80,0
DA:83,0
DA:91,18
DA:92,12
DA:94,48
DA:104,2
DA:105,2
DA:107,2
DA:108,6
DA:110,6
DA:112,6
DA:114,4
DA:117,2
DA:118,2
DA:120,2
LF:39
LH:33
BRDA:27,0,0,10
BRDA:27,0,1,3
BRDA:30,1,0,2
BRDA:30,1,1,8
BRDA:33,2,0,4
BRDA:33,2,1,6
BRDA:79,3,0,0
BRDA:79,3,1,0
BRDA:91,4,0,12
BRDA:91,4,1,6
BRDA:91,5,0,18
BRDA:91,5,1,6
BRDA:110,6,0,6
BRDA:110,6,1,3
BRF:14
BRH:12
end_of_record
TN:
SF:/Users/czw/Documents/workspace/task-processing/packages/graph-core/src/RunningSet.ts
FN:3,(anonymous_0)
FN:7,(anonymous_1)
FN:11,(anonymous_2)
FN:15,(anonymous_3)
FN:18,(anonymous_4)
FNF:5
FNH:1
FNDA:1,(anonymous_0)
FNDA:0,(anonymous_1)
FNDA:0,(anonymous_2)
FNDA:0,(anonymous_3)
FNDA:0,(anonymous_4)
DA:4,1
DA:8,0
DA:12,0
DA:16,0
DA:19,0
LF:5
LH:1
BRF:0
BRH:0
end_of_record
TN:
SF:/Users/czw/Documents/workspace/task-processing/packages/graph-core/src/utils.ts
FN:5,createDeliversMap
FN:20,createConfigMap
FN:21,(anonymous_2)
FNF:3
FNH:3
FNDA:3,createDeliversMap
FNDA:1,createConfigMap
FNDA:8,(anonymous_2)
DA:6,3
DA:7,3
DA:8,18
DA:9,14
DA:10,14
DA:11,2
DA:13,12
DA:17,3
DA:21,1
DA:22,8
DA:23,8
LF:11
LH:11
BRDA:8,0,0,18
BRDA:8,0,1,6
BRDA:10,1,0,2
BRDA:10,1,1,12
BRF:4
BRH:4
end_of_record
