{"/Users/czw/Documents/workspace/task-processing/packages/graph-core/src/Graph.ts": {"path":"/Users/czw/Documents/workspace/task-processing/packages/graph-core/src/Graph.ts","statementMap":{"0":{"start":{"line":4,"column":39},"end":{"line":4,"column":42}},"1":{"start":{"line":12,"column":4},"end":{"line":12,"column":25}},"2":{"start":{"line":13,"column":4},"end":{"line":13,"column":45}},"3":{"start":{"line":14,"column":4},"end":{"line":14,"column":48}},"4":{"start":{"line":15,"column":4},"end":{"line":15,"column":39}},"5":{"start":{"line":23,"column":24},"end":{"line":23,"column":26}},"6":{"start":{"line":25,"column":19},"end":{"line":25,"column":47}},"7":{"start":{"line":26,"column":4},"end":{"line":36,"column":5}},"8":{"start":{"line":27,"column":19},"end":{"line":29,"column":7}},"9":{"start":{"line":28,"column":8},"end":{"line":28,"column":45}},"10":{"start":{"line":30,"column":6},"end":{"line":32,"column":7}},"11":{"start":{"line":31,"column":8},"end":{"line":31,"column":30}},"12":{"start":{"line":33,"column":6},"end":{"line":35,"column":7}},"13":{"start":{"line":34,"column":8},"end":{"line":34,"column":35}},"14":{"start":{"line":37,"column":4},"end":{"line":37,"column":23}},"15":{"start":{"line":46,"column":22},"end":{"line":46,"column":64}},"16":{"start":{"line":47,"column":4},"end":{"line":47,"column":32}},"17":{"start":{"line":48,"column":4},"end":{"line":48,"column":52}},"18":{"start":{"line":56,"column":4},"end":{"line":56,"column":73}},"19":{"start":{"line":56,"column":34},"end":{"line":56,"column":71}},"20":{"start":{"line":64,"column":4},"end":{"line":64,"column":73}},"21":{"start":{"line":64,"column":53},"end":{"line":64,"column":71}},"22":{"start":{"line":76,"column":30},"end":{"line":76,"column":44}},"23":{"start":{"line":77,"column":4},"end":{"line":82,"column":7}},"24":{"start":{"line":78,"column":33},"end":{"line":78,"column":74}},"25":{"start":{"line":79,"column":6},"end":{"line":81,"column":7}},"26":{"start":{"line":80,"column":8},"end":{"line":80,"column":40}},"27":{"start":{"line":83,"column":4},"end":{"line":83,"column":29}},"28":{"start":{"line":91,"column":4},"end":{"line":93,"column":5}},"29":{"start":{"line":92,"column":6},"end":{"line":92,"column":25}},"30":{"start":{"line":94,"column":4},"end":{"line":94,"column":60}},"31":{"start":{"line":94,"column":38},"end":{"line":94,"column":58}},"32":{"start":{"line":104,"column":23},"end":{"line":104,"column":70}},"33":{"start":{"line":105,"column":24},"end":{"line":105,"column":33}},"34":{"start":{"line":107,"column":23},"end":{"line":116,"column":5}},"35":{"start":{"line":108,"column":6},"end":{"line":108,"column":27}},"36":{"start":{"line":110,"column":32},"end":{"line":110,"column":57}},"37":{"start":{"line":112,"column":6},"end":{"line":115,"column":7}},"38":{"start":{"line":114,"column":8},"end":{"line":114,"column":30}},"39":{"start":{"line":117,"column":4},"end":{"line":119,"column":7}},"40":{"start":{"line":118,"column":6},"end":{"line":118,"column":34}},"41":{"start":{"line":120,"column":4},"end":{"line":120,"column":47}}},"fnMap":{"0":{"name":"(anonymous_0)","decl":{"start":{"line":11,"column":2},"end":{"line":11,"column":3}},"loc":{"start":{"line":11,"column":37},"end":{"line":16,"column":3}},"line":11},"1":{"name":"(anonymous_1)","decl":{"start":{"line":22,"column":2},"end":{"line":22,"column":3}},"loc":{"start":{"line":22,"column":40},"end":{"line":38,"column":3}},"line":22},"2":{"name":"(anonymous_2)","decl":{"start":{"line":27,"column":44},"end":{"line":27,"column":45}},"loc":{"start":{"line":28,"column":8},"end":{"line":28,"column":45}},"line":28},"3":{"name":"(anonymous_3)","decl":{"start":{"line":45,"column":2},"end":{"line":45,"column":3}},"loc":{"start":{"line":45,"column":62},"end":{"line":49,"column":3}},"line":45},"4":{"name":"(anonymous_4)","decl":{"start":{"line":55,"column":2},"end":{"line":55,"column":3}},"loc":{"start":{"line":55,"column":43},"end":{"line":57,"column":3}},"line":55},"5":{"name":"(anonymous_5)","decl":{"start":{"line":56,"column":25},"end":{"line":56,"column":26}},"loc":{"start":{"line":56,"column":34},"end":{"line":56,"column":71}},"line":56},"6":{"name":"(anonymous_6)","decl":{"start":{"line":63,"column":2},"end":{"line":63,"column":3}},"loc":{"start":{"line":63,"column":52},"end":{"line":65,"column":3}},"line":63},"7":{"name":"(anonymous_7)","decl":{"start":{"line":64,"column":45},"end":{"line":64,"column":46}},"loc":{"start":{"line":64,"column":53},"end":{"line":64,"column":71}},"line":64},"8":{"name":"(anonymous_8)","decl":{"start":{"line":71,"column":2},"end":{"line":71,"column":3}},"loc":{"start":{"line":75,"column":4},"end":{"line":84,"column":3}},"line":75},"9":{"name":"(anonymous_9)","decl":{"start":{"line":77,"column":22},"end":{"line":77,"column":23}},"loc":{"start":{"line":77,"column":34},"end":{"line":82,"column":5}},"line":77},"10":{"name":"(anonymous_10)","decl":{"start":{"line":90,"column":2},"end":{"line":90,"column":3}},"loc":{"start":{"line":90,"column":35},"end":{"line":95,"column":3}},"line":90},"11":{"name":"(anonymous_11)","decl":{"start":{"line":94,"column":30},"end":{"line":94,"column":31}},"loc":{"start":{"line":94,"column":38},"end":{"line":94,"column":58}},"line":94},"12":{"name":"(anonymous_12)","decl":{"start":{"line":102,"column":2},"end":{"line":102,"column":3}},"loc":{"start":{"line":102,"column":65},"end":{"line":121,"column":3}},"line":102},"13":{"name":"(anonymous_13)","decl":{"start":{"line":107,"column":23},"end":{"line":107,"column":24}},"loc":{"start":{"line":107,"column":40},"end":{"line":116,"column":5}},"line":107},"14":{"name":"(anonymous_14)","decl":{"start":{"line":117,"column":19},"end":{"line":117,"column":20}},"loc":{"start":{"line":117,"column":38},"end":{"line":119,"column":5}},"line":117}},"branchMap":{"0":{"loc":{"start":{"line":27,"column":20},"end":{"line":27,"column":35}},"type":"binary-expr","locations":[{"start":{"line":27,"column":20},"end":{"line":27,"column":29}},{"start":{"line":27,"column":33},"end":{"line":27,"column":35}}],"line":27},"1":{"loc":{"start":{"line":30,"column":6},"end":{"line":32,"column":7}},"type":"if","locations":[{"start":{"line":30,"column":6},"end":{"line":32,"column":7}},{"start":{"line":30,"column":6},"end":{"line":32,"column":7}}],"line":30},"2":{"loc":{"start":{"line":33,"column":6},"end":{"line":35,"column":7}},"type":"if","locations":[{"start":{"line":33,"column":6},"end":{"line":35,"column":7}},{"start":{"line":33,"column":6},"end":{"line":35,"column":7}}],"line":33},"3":{"loc":{"start":{"line":79,"column":6},"end":{"line":81,"column":7}},"type":"if","locations":[{"start":{"line":79,"column":6},"end":{"line":81,"column":7}},{"start":{"line":79,"column":6},"end":{"line":81,"column":7}}],"line":79},"4":{"loc":{"start":{"line":91,"column":4},"end":{"line":93,"column":5}},"type":"if","locations":[{"start":{"line":91,"column":4},"end":{"line":93,"column":5}},{"start":{"line":91,"column":4},"end":{"line":93,"column":5}}],"line":91},"5":{"loc":{"start":{"line":91,"column":8},"end":{"line":91,"column":51}},"type":"binary-expr","locations":[{"start":{"line":91,"column":8},"end":{"line":91,"column":14}},{"start":{"line":91,"column":18},"end":{"line":91,"column":51}}],"line":91},"6":{"loc":{"start":{"line":110,"column":32},"end":{"line":110,"column":57}},"type":"binary-expr","locations":[{"start":{"line":110,"column":32},"end":{"line":110,"column":51}},{"start":{"line":110,"column":55},"end":{"line":110,"column":57}}],"line":110}},"s":{"0":1,"1":1,"2":1,"3":1,"4":1,"5":2,"6":2,"7":2,"8":10,"9":8,"10":10,"11":2,"12":10,"13":4,"14":2,"15":2,"16":2,"17":2,"18":2,"19":6,"20":14,"21":39,"22":0,"23":0,"24":0,"25":0,"26":0,"27":0,"28":18,"29":12,"30":6,"31":48,"32":2,"33":2,"34":2,"35":6,"36":6,"37":6,"38":4,"39":2,"40":2,"41":2},"f":{"0":1,"1":2,"2":8,"3":2,"4":2,"5":6,"6":14,"7":39,"8":0,"9":0,"10":18,"11":48,"12":2,"13":6,"14":2},"b":{"0":[10,3],"1":[2,8],"2":[4,6],"3":[0,0],"4":[12,6],"5":[18,6],"6":[6,3]},"_coverageSchema":"43e27e138ebf9cfc5966b082cf9a028302ed4184","hash":"fa4a243e8a162eb99baecd0c2faf646e3e3d5b5d"}
,"/Users/czw/Documents/workspace/task-processing/packages/graph-core/src/RunningSet.ts": {"path":"/Users/czw/Documents/workspace/task-processing/packages/graph-core/src/RunningSet.ts","statementMap":{"0":{"start":{"line":4,"column":4},"end":{"line":4,"column":32}},"1":{"start":{"line":8,"column":4},"end":{"line":8,"column":29}},"2":{"start":{"line":12,"column":4},"end":{"line":12,"column":32}},"3":{"start":{"line":16,"column":4},"end":{"line":16,"column":36}},"4":{"start":{"line":19,"column":4},"end":{"line":19,"column":32}}},"fnMap":{"0":{"name":"(anonymous_0)","decl":{"start":{"line":3,"column":2},"end":{"line":3,"column":3}},"loc":{"start":{"line":3,"column":16},"end":{"line":5,"column":3}},"line":3},"1":{"name":"(anonymous_1)","decl":{"start":{"line":7,"column":2},"end":{"line":7,"column":3}},"loc":{"start":{"line":7,"column":19},"end":{"line":9,"column":3}},"line":7},"2":{"name":"(anonymous_2)","decl":{"start":{"line":11,"column":2},"end":{"line":11,"column":3}},"loc":{"start":{"line":11,"column":22},"end":{"line":13,"column":3}},"line":11},"3":{"name":"(anonymous_3)","decl":{"start":{"line":15,"column":2},"end":{"line":15,"column":3}},"loc":{"start":{"line":15,"column":19},"end":{"line":17,"column":3}},"line":15},"4":{"name":"(anonymous_4)","decl":{"start":{"line":18,"column":2},"end":{"line":18,"column":3}},"loc":{"start":{"line":18,"column":8},"end":{"line":20,"column":3}},"line":18}},"branchMap":{},"s":{"0":1,"1":0,"2":0,"3":0,"4":0},"f":{"0":1,"1":0,"2":0,"3":0,"4":0},"b":{},"_coverageSchema":"43e27e138ebf9cfc5966b082cf9a028302ed4184","hash":"d89541d9fda5660853b811525388e2227984b4e5"}
,"/Users/czw/Documents/workspace/task-processing/packages/graph-core/src/utils.ts": {"path":"/Users/czw/Documents/workspace/task-processing/packages/graph-core/src/utils.ts","statementMap":{"0":{"start":{"line":6,"column":22},"end":{"line":6,"column":56}},"1":{"start":{"line":7,"column":2},"end":{"line":16,"column":3}},"2":{"start":{"line":8,"column":4},"end":{"line":15,"column":5}},"3":{"start":{"line":9,"column":31},"end":{"line":9,"column":51}},"4":{"start":{"line":10,"column":6},"end":{"line":14,"column":7}},"5":{"start":{"line":11,"column":8},"end":{"line":11,"column":40}},"6":{"start":{"line":13,"column":8},"end":{"line":13,"column":41}},"7":{"start":{"line":17,"column":2},"end":{"line":17,"column":21}},"8":{"start":{"line":21,"column":2},"end":{"line":24,"column":16}},"9":{"start":{"line":22,"column":4},"end":{"line":22,"column":35}},"10":{"start":{"line":23,"column":4},"end":{"line":23,"column":22}}},"fnMap":{"0":{"name":"createDeliversMap","decl":{"start":{"line":5,"column":16},"end":{"line":5,"column":33}},"loc":{"start":{"line":5,"column":57},"end":{"line":18,"column":1}},"line":5},"1":{"name":"createConfigMap","decl":{"start":{"line":20,"column":16},"end":{"line":20,"column":31}},"loc":{"start":{"line":20,"column":55},"end":{"line":25,"column":1}},"line":20},"2":{"name":"(anonymous_2)","decl":{"start":{"line":21,"column":23},"end":{"line":21,"column":24}},"loc":{"start":{"line":21,"column":45},"end":{"line":24,"column":3}},"line":21}},"branchMap":{"0":{"loc":{"start":{"line":8,"column":22},"end":{"line":8,"column":37}},"type":"binary-expr","locations":[{"start":{"line":8,"column":22},"end":{"line":8,"column":31}},{"start":{"line":8,"column":35},"end":{"line":8,"column":37}}],"line":8},"1":{"loc":{"start":{"line":10,"column":6},"end":{"line":14,"column":7}},"type":"if","locations":[{"start":{"line":10,"column":6},"end":{"line":14,"column":7}},{"start":{"line":10,"column":6},"end":{"line":14,"column":7}}],"line":10}},"s":{"0":3,"1":3,"2":18,"3":14,"4":14,"5":2,"6":12,"7":3,"8":1,"9":8,"10":8},"f":{"0":3,"1":1,"2":8},"b":{"0":[18,6],"1":[2,12]},"_coverageSchema":"43e27e138ebf9cfc5966b082cf9a028302ed4184","hash":"92c23574e20526c210b7a91ab14cb7f8364254c6"}
}
